Change component parameters: Designator = "J2" ("J2"); Footprint = "Connector_4_PIN_2.5MM"; UniqueID = "\QLCJMJDR" ("\QLCJMJDR")
Change component parameters (AddParameter): Name = "Part Number"; Value = "353120460"; VariantName = "[No Variations]"
Change component parameters (AddParameter): Name = "Process"; Value = "SMD"; VariantName = "[No Variations]"
Change component parameters: Designator = "J3" ("J3"); Footprint = "Connector_4_PIN_2.5MM"; UniqueID = "\TWMRMMIP" ("\TWMRMMIP")
Change component parameters (AddParameter): Name = "Part Number"; Value = "353120460"; VariantName = "[No Variations]"
Change component parameters (AddParameter): Name = "Process"; Value = "SMD"; VariantName = "[No Variations]"
Change component parameters: Designator = "U2" ("U2"); Footprint = "SOIC 8"; UniqueID = "\RTPIUHGT" ("\RTPIUHGT")
Change component parameters (AddParameter): Name = "Part Number"; Value = "AS5600"; VariantName = "[No Variations]"
Change component parameters (AddParameter): Name = "Process"; Value = "SMD"; VariantName = "[No Variations]"
Added Component: Designator=C23(Cap-0603)
Add component (AddParameter): Name = "Part Number"; Value = "MCF03KTB500104"; VariantName = "[No Variations]"
Add component (AddParameter): Name = "Process"; Value = "SMD"; VariantName = "[No Variations]"
Add component (AddParameter): Name = "Tolerance"; Value = "%10"; VariantName = "[No Variations]"
Add component (AddParameter): Name = "Value"; Value = "100nF"; VariantName = "[No Variations]"
Add component (AddParameter): Name = "Voltage"; Value = "50V"; VariantName = "[No Variations]"
Added Component: Designator=J4(Connector_4_PIN_2.5MM)
Add component (AddParameter): Name = "Part Number"; Value = "353120460"; VariantName = "[No Variations]"
Add component (AddParameter): Name = "Process"; Value = "SMD"; VariantName = "[No Variations]"
Added Component: Designator=R18(Resistor_0603)
Add component (AddParameter): Name = "Part Number"; Value = "RC0603JR-071KL"; VariantName = "[No Variations]"
Add component (AddParameter): Name = "Power"; Value = "1/10W"; VariantName = "[No Variations]"
Add component (AddParameter): Name = "Process"; Value = "SMD"; VariantName = "[No Variations]"
Add component (AddParameter): Name = "Tolerance"; Value = "%5"; VariantName = "[No Variations]"
Add component (AddParameter): Name = "Value"; Value = "1K"; VariantName = "[No Variations]"
Added Component: Designator=R19(RES-0603)
Add component (AddParameter): Name = "Part Number"; Value = "0603SAF1200T5E"; VariantName = "[No Variations]"
Add component (AddParameter): Name = "Power"; Value = "1/10W"; VariantName = "[No Variations]"
Add component (AddParameter): Name = "Process"; Value = "SMD"; VariantName = "[No Variations]"
Add component (AddParameter): Name = "Tolerance"; Value = "%1"; VariantName = "[No Variations]"
Add component (AddParameter): Name = "Value"; Value = "120R"; VariantName = "[No Variations]"
Added Component: Designator=R20(RES-0603)
Add component (AddParameter): Name = "Part Number"; Value = "CQ03SAJ0103T5E"; VariantName = "[No Variations]"
Add component (AddParameter): Name = "Power"; Value = "1/10W"; VariantName = "[No Variations]"
Add component (AddParameter): Name = "Process"; Value = "SMD"; VariantName = "[No Variations]"
Add component (AddParameter): Name = "Tolerance"; Value = "%5"; VariantName = "[No Variations]"
Add component (AddParameter): Name = "Value"; Value = "10K"; VariantName = "[No Variations]"
Added Component: Designator=R21(Resistor_0603)
Add component (AddParameter): Name = "Part Number"; Value = "RC0603JR-071KL"; VariantName = "[No Variations]"
Add component (AddParameter): Name = "Power"; Value = "1/10W"; VariantName = "[No Variations]"
Add component (AddParameter): Name = "Process"; Value = "SMD"; VariantName = "[No Variations]"
Add component (AddParameter): Name = "Tolerance"; Value = "%5"; VariantName = "[No Variations]"
Add component (AddParameter): Name = "Value"; Value = "1K"; VariantName = "[No Variations]"
Added Component: Designator=U5(SOIC 8)
Add component (AddParameter): Name = "Part Number"; Value = "MAX3485ED-HTC"; VariantName = "[No Variations]"
Add component (AddParameter): Name = "Process"; Value = "SMD"; VariantName = "[No Variations]"
Added Pin To Net: NetName=+3.3 Pin=C23-1
Added Pin To Net: NetName=GND Pin=C23-2
Added Pin To Net: NetName=AOUT1 Pin=J4-1
Added Pin To Net: NetName=AOUT2 Pin=J4-2
Added Pin To Net: NetName=BOUT1 Pin=J4-3
Added Pin To Net: NetName=BOUT2 Pin=J4-4
Added Pin To Net: NetName=GND Pin=R18-1
Added Pin To Net: NetName=GND Pin=R20-2
Added Pin To Net: NetName=+3.3 Pin=R21-2
Added Pin To Net: NetName=GND Pin=U5-5
Added Pin To Net: NetName=+3.3 Pin=U5-8
Added Pin To Net: NetName=MAX_CTRL Pin=R20-1
Added Pin To Net: NetName=MAX_CTRL Pin=U3-12
Added Pin To Net: NetName=MAX_CTRL Pin=U5-2
Added Pin To Net: NetName=MAX_CTRL Pin=U5-3
Added Net: Name=MAX_CTRL
Added Pin To Net: NetName=NetR18_2 Pin=R18-2
Added Pin To Net: NetName=NetR18_2 Pin=R19-1
Added Pin To Net: NetName=NetR18_2 Pin=U5-7
Added Net: Name=NetR18_2
Added Pin To Net: NetName=NetR19_2 Pin=R19-2
Added Pin To Net: NetName=NetR19_2 Pin=R21-1
Added Pin To Net: NetName=NetR19_2 Pin=U5-6
Added Net: Name=NetR19_2
Added Pin To Net: NetName=USART4_RX Pin=U3-11
Added Pin To Net: NetName=USART4_RX Pin=U5-1
Added Net: Name=USART4_RX
Added Pin To Net: NetName=USART4_TX Pin=U3-10
Added Pin To Net: NetName=USART4_TX Pin=U5-4
Added Net: Name=USART4_TX
Added Member To Class: ClassName=Magnetic-Encoder-V01 Member=Component C23 Capacitor
Added Member To Class: ClassName=Magnetic-Encoder-V01 Member=Component J4 Connector
Added Member To Class: ClassName=Magnetic-Encoder-V01 Member=Component R18 Resistor
Added Member To Class: ClassName=Magnetic-Encoder-V01 Member=Component R19 Resistor
Added Member To Class: ClassName=Magnetic-Encoder-V01 Member=Component R20 Resistor
Added Member To Class: ClassName=Magnetic-Encoder-V01 Member=Component R21 Resistor
Added Member To Class: ClassName=Magnetic-Encoder-V01 Member=Component U5 Transceiver
