Added Component: Designator=C1(Cap-0603)
Add component (AddParameter): Name = "Part Number"; Value = "CC0603KRX7R9BB103"; VariantName = "[No Variations]"
Add component (AddParameter): Name = "Process"; Value = "SMD"; VariantName = "[No Variations]"
Add component (AddParameter): Name = "Tolerance"; Value = "%10"; VariantName = "[No Variations]"
Add component (AddParameter): Name = "Value"; Value = "10nF"; VariantName = "[No Variations]"
Add component (AddParameter): Name = "Voltage"; Value = "50V"; VariantName = "[No Variations]"
Added Component: Designator=C2(MRW-025V101ME077-T/R)
Add component (AddParameter): Name = "Part Number"; Value = "MRW-025V101ME077-T/R"; VariantName = "[No Variations]"
Add component (AddParameter): Name = "Process"; Value = "SMD"; VariantName = "[No Variations]"
Add component (AddParameter): Name = "Tolerance"; Value = "%20"; VariantName = "[No Variations]"
Add component (AddParameter): Name = "Value"; Value = "100uF"; VariantName = "[No Variations]"
Add component (AddParameter): Name = "Voltage"; Value = "25V"; VariantName = "[No Variations]"
Added Component: Designator=C3(Cap-0603)
Add component (AddParameter): Name = "Part Number"; Value = "MCF03KTB500104"; VariantName = "[No Variations]"
Add component (AddParameter): Name = "Process"; Value = "SMD"; VariantName = "[No Variations]"
Add component (AddParameter): Name = "Tolerance"; Value = "%10"; VariantName = "[No Variations]"
Add component (AddParameter): Name = "Value"; Value = "100nF"; VariantName = "[No Variations]"
Add component (AddParameter): Name = "Voltage"; Value = "50V"; VariantName = "[No Variations]"
Added Component: Designator=C4(Cap-0603)
Add component (AddParameter): Name = "Part Number"; Value = "MCF03KTB500104"; VariantName = "[No Variations]"
Add component (AddParameter): Name = "Process"; Value = "SMD"; VariantName = "[No Variations]"
Add component (AddParameter): Name = "Tolerance"; Value = "%10"; VariantName = "[No Variations]"
Add component (AddParameter): Name = "Value"; Value = "100nF"; VariantName = "[No Variations]"
Add component (AddParameter): Name = "Voltage"; Value = "50V"; VariantName = "[No Variations]"
Added Component: Designator=C5(Cap-0603)
Add component (AddParameter): Name = "Part Number"; Value = "MCF03KTB500104"; VariantName = "[No Variations]"
Add component (AddParameter): Name = "Process"; Value = "SMD"; VariantName = "[No Variations]"
Add component (AddParameter): Name = "Tolerance"; Value = "%10"; VariantName = "[No Variations]"
Add component (AddParameter): Name = "Value"; Value = "100nF"; VariantName = "[No Variations]"
Add component (AddParameter): Name = "Voltage"; Value = "50V"; VariantName = "[No Variations]"
Added Component: Designator=C6(Cap-0603)
Add component (AddParameter): Name = "Part Number"; Value = "CC0603KRX7R9BB103"; VariantName = "[No Variations]"
Add component (AddParameter): Name = "Process"; Value = "NM"; VariantName = "[No Variations]"
Add component (AddParameter): Name = "Tolerance"; Value = "%10"; VariantName = "[No Variations]"
Add component (AddParameter): Name = "Value"; Value = "10nF"; VariantName = "[No Variations]"
Add component (AddParameter): Name = "Voltage"; Value = "50V"; VariantName = "[No Variations]"
Added Component: Designator=C7(Cap-0603)
Add component (AddParameter): Name = "Part Number"; Value = "CC0603KRX7R9BB103"; VariantName = "[No Variations]"
Add component (AddParameter): Name = "Process"; Value = "NM"; VariantName = "[No Variations]"
Add component (AddParameter): Name = "Tolerance"; Value = "%10"; VariantName = "[No Variations]"
Add component (AddParameter): Name = "Value"; Value = "10nF"; VariantName = "[No Variations]"
Add component (AddParameter): Name = "Voltage"; Value = "50V"; VariantName = "[No Variations]"
Added Component: Designator=C8(Cap-0603)
Add component (AddParameter): Name = "Part Number"; Value = "CL10B474KA8NNNC"; VariantName = "[No Variations]"
Add component (AddParameter): Name = "Process"; Value = "SMD"; VariantName = "[No Variations]"
Add component (AddParameter): Name = "Tolerance"; Value = "%10"; VariantName = "[No Variations]"
Add component (AddParameter): Name = "Value"; Value = "470nF"; VariantName = "[No Variations]"
Add component (AddParameter): Name = "Voltage"; Value = "25V"; VariantName = "[No Variations]"
Added Component: Designator=C9(Cap-0603)
Add component (AddParameter): Name = "Part Number"; Value = "MCF03KTB500104"; VariantName = "[No Variations]"
Add component (AddParameter): Name = "Process"; Value = "NM"; VariantName = "[No Variations]"
Add component (AddParameter): Name = "Tolerance"; Value = "%10"; VariantName = "[No Variations]"
Add component (AddParameter): Name = "Value"; Value = "100nF"; VariantName = "[No Variations]"
Add component (AddParameter): Name = "Voltage"; Value = "50V"; VariantName = "[No Variations]"
Added Component: Designator=C10(Cap-0603)
Add component (AddParameter): Name = "Part Number"; Value = "CL10B105KA8NNNC"; VariantName = "[No Variations]"
Add component (AddParameter): Name = "Process"; Value = "SMD"; VariantName = "[No Variations]"
Add component (AddParameter): Name = "Tolerance"; Value = "%10"; VariantName = "[No Variations]"
Add component (AddParameter): Name = "Value"; Value = "1uF"; VariantName = "[No Variations]"
Add component (AddParameter): Name = "Voltage"; Value = "25V"; VariantName = "[No Variations]"
Added Component: Designator=C11(Cap-0603)
Add component (AddParameter): Name = "Part Number"; Value = "MCF03KTB500104"; VariantName = "[No Variations]"
Add component (AddParameter): Name = "Process"; Value = "SMD"; VariantName = "[No Variations]"
Add component (AddParameter): Name = "Tolerance"; Value = "%10"; VariantName = "[No Variations]"
Add component (AddParameter): Name = "Value"; Value = "100nF"; VariantName = "[No Variations]"
Add component (AddParameter): Name = "Voltage"; Value = "50V"; VariantName = "[No Variations]"
Added Component: Designator=C12(Cap-0603)
Add component (AddParameter): Name = "Part Number"; Value = "MCF03KTB500104"; VariantName = "[No Variations]"
Add component (AddParameter): Name = "Process"; Value = "SMD"; VariantName = "[No Variations]"
Add component (AddParameter): Name = "Tolerance"; Value = "%10"; VariantName = "[No Variations]"
Add component (AddParameter): Name = "Value"; Value = "100nF"; VariantName = "[No Variations]"
Add component (AddParameter): Name = "Voltage"; Value = "50V"; VariantName = "[No Variations]"
Added Component: Designator=C13(Cap-0603)
Add component (AddParameter): Name = "Part Number"; Value = "CC0603JRNPO9BN200"; VariantName = "[No Variations]"
Add component (AddParameter): Name = "Process"; Value = "SMD"; VariantName = "[No Variations]"
Add component (AddParameter): Name = "Tolerance"; Value = "%10"; VariantName = "[No Variations]"
Add component (AddParameter): Name = "Value"; Value = "20pF"; VariantName = "[No Variations]"
Add component (AddParameter): Name = "Voltage"; Value = "50V"; VariantName = "[No Variations]"
Added Component: Designator=C14(Cap-0603)
Add component (AddParameter): Name = "Part Number"; Value = "CC0603JRNPO9BN200"; VariantName = "[No Variations]"
Add component (AddParameter): Name = "Process"; Value = "SMD"; VariantName = "[No Variations]"
Add component (AddParameter): Name = "Tolerance"; Value = "%10"; VariantName = "[No Variations]"
Add component (AddParameter): Name = "Value"; Value = "20pF"; VariantName = "[No Variations]"
Add component (AddParameter): Name = "Voltage"; Value = "50V"; VariantName = "[No Variations]"
Added Component: Designator=C15(Cap-0603)
Add component (AddParameter): Name = "Part Number"; Value = "CL10B474KA8NNNC"; VariantName = "[No Variations]"
Add component (AddParameter): Name = "Process"; Value = "SMD"; VariantName = "[No Variations]"
Add component (AddParameter): Name = "Tolerance"; Value = "%10"; VariantName = "[No Variations]"
Add component (AddParameter): Name = "Value"; Value = "470nF"; VariantName = "[No Variations]"
Add component (AddParameter): Name = "Voltage"; Value = "25V"; VariantName = "[No Variations]"
Added Component: Designator=C16(Cap-0603)
Add component (AddParameter): Name = "Part Number"; Value = "MCF03KTB500104"; VariantName = "[No Variations]"
Add component (AddParameter): Name = "Process"; Value = "SMD"; VariantName = "[No Variations]"
Add component (AddParameter): Name = "Tolerance"; Value = "%10"; VariantName = "[No Variations]"
Add component (AddParameter): Name = "Value"; Value = "100nF"; VariantName = "[No Variations]"
Add component (AddParameter): Name = "Voltage"; Value = "50V"; VariantName = "[No Variations]"
Added Component: Designator=J1(Header(M)_4PIN_2.54MM)
Add component (AddParameter): Name = "Part Number"; Value = "DK501-1X6SBT-3X13MM"; VariantName = "[No Variations]"
Add component (AddParameter): Name = "Process"; Value = "THT"; VariantName = "[No Variations]"
Added Component: Designator=LD1(LED_0603)
Add component (AddParameter): Name = "Color"; Value = "RED"; VariantName = "[No Variations]"
Add component (AddParameter): Name = "Forward Voltage"; Value = "2V"; VariantName = "[No Variations]"
Add component (AddParameter): Name = "Part Number"; Value = "LTST-C190KRKT"; VariantName = "[No Variations]"
Add component (AddParameter): Name = "Process"; Value = "NM"; VariantName = "[No Variations]"
Added Component: Designator=LD2(LED_0603)
Add component (AddParameter): Name = "Color"; Value = "RED"; VariantName = "[No Variations]"
Add component (AddParameter): Name = "Forward Voltage"; Value = "2V"; VariantName = "[No Variations]"
Add component (AddParameter): Name = "Part Number"; Value = "LTST-C190KRKT"; VariantName = "[No Variations]"
Add component (AddParameter): Name = "Process"; Value = "NM"; VariantName = "[No Variations]"
Added Component: Designator=R1(RES-0603)
Add component (AddParameter): Name = "Part Number"; Value = "CQ03SAJ0103T5E"; VariantName = "[No Variations]"
Add component (AddParameter): Name = "Power"; Value = "1/10W"; VariantName = "[No Variations]"
Add component (AddParameter): Name = "Process"; Value = "SMD"; VariantName = "[No Variations]"
Add component (AddParameter): Name = "Tolerance"; Value = "%5"; VariantName = "[No Variations]"
Add component (AddParameter): Name = "Value"; Value = "10K"; VariantName = "[No Variations]"
Added Component: Designator=R2(RES-0603)
Add component (AddParameter): Name = "Part Number"; Value = "CQ03SAJ0103T5E"; VariantName = "[No Variations]"
Add component (AddParameter): Name = "Power"; Value = "1/10W"; VariantName = "[No Variations]"
Add component (AddParameter): Name = "Process"; Value = "SMD"; VariantName = "[No Variations]"
Add component (AddParameter): Name = "Tolerance"; Value = "%5"; VariantName = "[No Variations]"
Add component (AddParameter): Name = "Value"; Value = "10K"; VariantName = "[No Variations]"
Added Component: Designator=R3(RES-0603)
Add component (AddParameter): Name = "Part Number"; Value = "CQ03SAJ0103T5E"; VariantName = "[No Variations]"
Add component (AddParameter): Name = "Power"; Value = "1/10W"; VariantName = "[No Variations]"
Add component (AddParameter): Name = "Process"; Value = "SMD"; VariantName = "[No Variations]"
Add component (AddParameter): Name = "Tolerance"; Value = "%5"; VariantName = "[No Variations]"
Add component (AddParameter): Name = "Value"; Value = "10K"; VariantName = "[No Variations]"
Added Component: Designator=R4(RES-0603)
Add component (AddParameter): Name = "Part Number"; Value = "CRT03J7-R0R0"; VariantName = "[No Variations]"
Add component (AddParameter): Name = "Power"; Value = "1/10W"; VariantName = "[No Variations]"
Add component (AddParameter): Name = "Process"; Value = "NM"; VariantName = "[No Variations]"
Add component (AddParameter): Name = "Tolerance"; Value = "%5"; VariantName = "[No Variations]"
Add component (AddParameter): Name = "Value"; Value = "0R"; VariantName = "[No Variations]"
Added Component: Designator=R5(RES-0603)
Add component (AddParameter): Name = "Part Number"; Value = "0603SAJ0473TDE"; VariantName = "[No Variations]"
Add component (AddParameter): Name = "Power"; Value = "1/10W"; VariantName = "[No Variations]"
Add component (AddParameter): Name = "Process"; Value = "SMD"; VariantName = "[No Variations]"
Add component (AddParameter): Name = "Tolerance"; Value = "%5"; VariantName = "[No Variations]"
Add component (AddParameter): Name = "Value"; Value = "47K"; VariantName = "[No Variations]"
Added Component: Designator=R6(RES-0603)
Add component (AddParameter): Name = "Part Number"; Value = "CQ03SAJ0103T5E"; VariantName = "[No Variations]"
Add component (AddParameter): Name = "Power"; Value = "1/10W"; VariantName = "[No Variations]"
Add component (AddParameter): Name = "Process"; Value = "SMD"; VariantName = "[No Variations]"
Add component (AddParameter): Name = "Tolerance"; Value = "%5"; VariantName = "[No Variations]"
Add component (AddParameter): Name = "Value"; Value = "10K"; VariantName = "[No Variations]"
Added Component: Designator=R7(RES-0603)
Add component (AddParameter): Name = "Part Number"; Value = "CQ03SAJ0103T5E"; VariantName = "[No Variations]"
Add component (AddParameter): Name = "Power"; Value = "1/10W"; VariantName = "[No Variations]"
Add component (AddParameter): Name = "Process"; Value = "SMD"; VariantName = "[No Variations]"
Add component (AddParameter): Name = "Tolerance"; Value = "%5"; VariantName = "[No Variations]"
Add component (AddParameter): Name = "Value"; Value = "10K"; VariantName = "[No Variations]"
Added Component: Designator=R8(RES-0603)
Add component (AddParameter): Name = "Part Number"; Value = "0603SAJ0473TDE"; VariantName = "[No Variations]"
Add component (AddParameter): Name = "Power"; Value = "1/10W"; VariantName = "[No Variations]"
Add component (AddParameter): Name = "Process"; Value = "SMD"; VariantName = "[No Variations]"
Add component (AddParameter): Name = "Tolerance"; Value = "%5"; VariantName = "[No Variations]"
Add component (AddParameter): Name = "Value"; Value = "47K"; VariantName = "[No Variations]"
Added Component: Designator=R9(RES-0603)
Add component (AddParameter): Name = "Part Number"; Value = "CQ03SAJ0103T5E"; VariantName = "[No Variations]"
Add component (AddParameter): Name = "Power"; Value = "1/5W"; VariantName = "[No Variations]"
Add component (AddParameter): Name = "Process"; Value = "SMD"; VariantName = "[No Variations]"
Add component (AddParameter): Name = "Tolerance"; Value = "%1"; VariantName = "[No Variations]"
Add component (AddParameter): Name = "Value"; Value = "0.2R"; VariantName = "[No Variations]"
Added Component: Designator=R10(RES-0603)
Add component (AddParameter): Name = "Part Number"; Value = "CQ03SAJ0103T5E"; VariantName = "[No Variations]"
Add component (AddParameter): Name = "Power"; Value = "1/5W"; VariantName = "[No Variations]"
Add component (AddParameter): Name = "Process"; Value = "SMD"; VariantName = "[No Variations]"
Add component (AddParameter): Name = "Tolerance"; Value = "%1"; VariantName = "[No Variations]"
Add component (AddParameter): Name = "Value"; Value = "0.2R"; VariantName = "[No Variations]"
Added Component: Designator=R11(RES-0603)
Add component (AddParameter): Name = "Part Number"; Value = "CRT03J7-R0R0"; VariantName = "[No Variations]"
Add component (AddParameter): Name = "Power"; Value = "1/10W"; VariantName = "[No Variations]"
Add component (AddParameter): Name = "Process"; Value = "SMD"; VariantName = "[No Variations]"
Add component (AddParameter): Name = "Tolerance"; Value = "%5"; VariantName = "[No Variations]"
Add component (AddParameter): Name = "Value"; Value = "0R"; VariantName = "[No Variations]"
Added Component: Designator=R12(RES-0603)
Add component (AddParameter): Name = "Part Number"; Value = "CRCW0603330RFKTABC"; VariantName = "[No Variations]"
Add component (AddParameter): Name = "Power"; Value = "1/10W"; VariantName = "[No Variations]"
Add component (AddParameter): Name = "Process"; Value = "NM"; VariantName = "[No Variations]"
Add component (AddParameter): Name = "Tolerance"; Value = "%1"; VariantName = "[No Variations]"
Add component (AddParameter): Name = "Value"; Value = "330R"; VariantName = "[No Variations]"
Added Component: Designator=R13(RES-0603)
Add component (AddParameter): Name = "Part Number"; Value = "CRCW0603330RFKTABC"; VariantName = "[No Variations]"
Add component (AddParameter): Name = "Power"; Value = "1/10W"; VariantName = "[No Variations]"
Add component (AddParameter): Name = "Process"; Value = "NM"; VariantName = "[No Variations]"
Add component (AddParameter): Name = "Tolerance"; Value = "%1"; VariantName = "[No Variations]"
Add component (AddParameter): Name = "Value"; Value = "330R"; VariantName = "[No Variations]"
Added Component: Designator=R14(RES-0603)
Add component (AddParameter): Name = "Part Number"; Value = "CRT03J7-R0R0"; VariantName = "[No Variations]"
Add component (AddParameter): Name = "Power"; Value = "1/10W"; VariantName = "[No Variations]"
Add component (AddParameter): Name = "Process"; Value = "NM"; VariantName = "[No Variations]"
Add component (AddParameter): Name = "Tolerance"; Value = "%5"; VariantName = "[No Variations]"
Add component (AddParameter): Name = "Value"; Value = "0R"; VariantName = "[No Variations]"
Added Component: Designator=R15(RES-0603)
Add component (AddParameter): Name = "Part Number"; Value = "CQ03SAJ0103T5E"; VariantName = "[No Variations]"
Add component (AddParameter): Name = "Power"; Value = "1/10W"; VariantName = "[No Variations]"
Add component (AddParameter): Name = "Process"; Value = "SMD"; VariantName = "[No Variations]"
Add component (AddParameter): Name = "Tolerance"; Value = "%5"; VariantName = "[No Variations]"
Add component (AddParameter): Name = "Value"; Value = "10K"; VariantName = "[No Variations]"
Added Component: Designator=R16(RES-0603)
Add component (AddParameter): Name = "Part Number"; Value = "CRT03F7E4701"; VariantName = "[No Variations]"
Add component (AddParameter): Name = "Power"; Value = "1/10W"; VariantName = "[No Variations]"
Add component (AddParameter): Name = "Process"; Value = "SMD"; VariantName = "[No Variations]"
Add component (AddParameter): Name = "Tolerance"; Value = "%5"; VariantName = "[No Variations]"
Add component (AddParameter): Name = "Value"; Value = "4.7K"; VariantName = "[No Variations]"
Added Component: Designator=R17(RES-0603)
Add component (AddParameter): Name = "Part Number"; Value = "CRT03F7E4701"; VariantName = "[No Variations]"
Add component (AddParameter): Name = "Power"; Value = "1/10W"; VariantName = "[No Variations]"
Add component (AddParameter): Name = "Process"; Value = "SMD"; VariantName = "[No Variations]"
Add component (AddParameter): Name = "Tolerance"; Value = "%5"; VariantName = "[No Variations]"
Add component (AddParameter): Name = "Value"; Value = "4.7K"; VariantName = "[No Variations]"
Added Component: Designator=U1(HTSSOP-28)
Added Component: Designator=U2(SOIC 8)
Added Component: Designator=U3(TSSOP20)
Add component (AddParameter): Name = "Part Number"; Value = "STM8S103F3P6"; VariantName = "[No Variations]"
Add component (AddParameter): Name = "Process"; Value = "SMD"; VariantName = "[No Variations]"
Added Component: Designator=X1(HC-49SD)
Add component (AddParameter): Name = "Capacitance"; Value = "20pF"; VariantName = "[No Variations]"
Add component (AddParameter): Name = "Frequency"; Value = "16MHz"; VariantName = "[No Variations]"
Add component (AddParameter): Name = "Part Number"; Value = "AS49SD-16M-FE200F3"; VariantName = "[No Variations]"
Add component (AddParameter): Name = "Process"; Value = "SMD"; VariantName = "[No Variations]"
Added Pin To Net: NetName=+3.3 Pin=C10-2
Added Pin To Net: NetName=+3.3 Pin=C15-1
Added Pin To Net: NetName=+3.3 Pin=C16-1
Added Pin To Net: NetName=+3.3 Pin=J1-1
Added Pin To Net: NetName=+3.3 Pin=R6-1
Added Pin To Net: NetName=+3.3 Pin=R7-1
Added Pin To Net: NetName=+3.3 Pin=R11-2
Added Pin To Net: NetName=+3.3 Pin=R15-2
Added Pin To Net: NetName=+3.3 Pin=R16-2
Added Pin To Net: NetName=+3.3 Pin=R17-2
Added Pin To Net: NetName=+3.3 Pin=U2-2
Added Pin To Net: NetName=+3.3 Pin=U3-8
Added Pin To Net: NetName=+3.3 Pin=U3-9
Added Net: Name=+3.3
Added Pin To Net: NetName=+VM Pin=C2-1
Added Pin To Net: NetName=+VM Pin=C3-1
Added Pin To Net: NetName=+VM Pin=C4-1
Added Pin To Net: NetName=+VM Pin=C5-1
Added Pin To Net: NetName=+VM Pin=U1-4
Added Pin To Net: NetName=+VM Pin=U1-11
Added Net: Name=+VM
Added Pin To Net: NetName=3V3_OUT Pin=C8-1
Added Pin To Net: NetName=3V3_OUT Pin=R5-2
Added Pin To Net: NetName=3V3_OUT Pin=U1-15
Added Net: Name=3V3_OUT
Added Pin To Net: NetName=AOUT1 Pin=U1-5
Added Net: Name=AOUT1
Added Pin To Net: NetName=AOUT2 Pin=U1-7
Added Net: Name=AOUT2
Added Pin To Net: NetName=AS5600_DIR Pin=U2-8
Added Net: Name=AS5600_DIR
Added Pin To Net: NetName=AS5600_OUT Pin=C9-2
Added Pin To Net: NetName=AS5600_OUT Pin=U2-3
Added Net: Name=AS5600_OUT
Added Pin To Net: NetName=BOUT1 Pin=U1-10
Added Net: Name=BOUT1
Added Pin To Net: NetName=BOUT2 Pin=U1-8
Added Net: Name=BOUT2
Added Pin To Net: NetName=DECAY Pin=R4-2
Added Net: Name=DECAY
Added Pin To Net: NetName=DIR Pin=C6-1
Added Pin To Net: NetName=DIR Pin=U1-20
Added Net: Name=DIR
Added Pin To Net: NetName=ENABLE Pin=R3-1
Added Pin To Net: NetName=ENABLE Pin=U1-21
Added Net: Name=ENABLE
Added Pin To Net: NetName=FAULT Pin=R7-2
Added Pin To Net: NetName=FAULT Pin=U1-18
Added Net: Name=FAULT
Added Pin To Net: NetName=GND Pin=C2-2
Added Pin To Net: NetName=GND Pin=C3-2
Added Pin To Net: NetName=GND Pin=C4-2
Added Pin To Net: NetName=GND Pin=C6-2
Added Pin To Net: NetName=GND Pin=C7-1
Added Pin To Net: NetName=GND Pin=C8-2
Added Pin To Net: NetName=GND Pin=C9-1
Added Pin To Net: NetName=GND Pin=C10-1
Added Pin To Net: NetName=GND Pin=C11-1
Added Pin To Net: NetName=GND Pin=C12-2
Added Pin To Net: NetName=GND Pin=C13-2
Added Pin To Net: NetName=GND Pin=C14-2
Added Pin To Net: NetName=GND Pin=C15-2
Added Pin To Net: NetName=GND Pin=C16-2
Added Pin To Net: NetName=GND Pin=J1-3
Added Pin To Net: NetName=GND Pin=LD1-2
Added Pin To Net: NetName=GND Pin=LD2-2
Added Pin To Net: NetName=GND Pin=R1-2
Added Pin To Net: NetName=GND Pin=R2-2
Added Pin To Net: NetName=GND Pin=R3-2
Added Pin To Net: NetName=GND Pin=R8-2
Added Pin To Net: NetName=GND Pin=R9-1
Added Pin To Net: NetName=GND Pin=R10-1
Added Pin To Net: NetName=GND Pin=R14-1
Added Pin To Net: NetName=GND Pin=U1-14
Added Pin To Net: NetName=GND Pin=U1-28
Added Pin To Net: NetName=GND Pin=U1-29
Added Pin To Net: NetName=GND Pin=U2-4
Added Pin To Net: NetName=GND Pin=U3-7
Added Net: Name=GND
Added Pin To Net: NetName=HOME Pin=R6-2
Added Pin To Net: NetName=HOME Pin=U1-27
Added Net: Name=HOME
Added Pin To Net: NetName=I2C_SCL Pin=R17-1
Added Pin To Net: NetName=I2C_SCL Pin=U2-7
Added Pin To Net: NetName=I2C_SCL Pin=U3-12
Added Net: Name=I2C_SCL
Added Pin To Net: NetName=I2C_SDA Pin=R16-1
Added Pin To Net: NetName=I2C_SDA Pin=U2-6
Added Pin To Net: NetName=I2C_SDA Pin=U3-11
Added Net: Name=I2C_SDA
Added Pin To Net: NetName=LED2 Pin=R12-2
Added Net: Name=LED2
Added Pin To Net: NetName=LED Pin=R13-2
Added Pin To Net: NetName=LED Pin=U3-13
Added Net: Name=LED
Added Pin To Net: NetName=MCU_NRST Pin=C12-1
Added Pin To Net: NetName=MCU_NRST Pin=J1-4
Added Pin To Net: NetName=MCU_NRST Pin=R15-1
Added Pin To Net: NetName=MCU_NRST Pin=U3-4
Added Net: Name=MCU_NRST
Added Pin To Net: NetName=MCU_SWIM Pin=J1-2
Added Pin To Net: NetName=MCU_SWIM Pin=U3-18
Added Net: Name=MCU_SWIM
Added Pin To Net: NetName=MODE1 Pin=U1-26
Added Net: Name=MODE1
Added Pin To Net: NetName=MODE2 Pin=U1-25
Added Net: Name=MODE2
Added Pin To Net: NetName=MODE3 Pin=U1-24
Added Net: Name=MODE3
Added Pin To Net: NetName=NetC1_1 Pin=C1-1
Added Pin To Net: NetName=NetC1_1 Pin=U1-1
Added Net: Name=NetC1_1
Added Pin To Net: NetName=NetC1_2 Pin=C1-2
Added Pin To Net: NetName=NetC1_2 Pin=U1-2
Added Net: Name=NetC1_2
Added Pin To Net: NetName=NetC5_2 Pin=C5-2
Added Pin To Net: NetName=NetC5_2 Pin=U1-3
Added Net: Name=NetC5_2
Added Pin To Net: NetName=NetC11_2 Pin=C11-2
Added Pin To Net: NetName=NetC11_2 Pin=R11-1
Added Pin To Net: NetName=NetC11_2 Pin=U2-1
Added Net: Name=NetC11_2
Added Pin To Net: NetName=NetC13_1 Pin=C13-1
Added Pin To Net: NetName=NetC13_1 Pin=U3-5
Added Pin To Net: NetName=NetC13_1 Pin=X1-1
Added Net: Name=NetC13_1
Added Pin To Net: NetName=NetC14_1 Pin=C14-1
Added Pin To Net: NetName=NetC14_1 Pin=U3-6
Added Pin To Net: NetName=NetC14_1 Pin=X1-2
Added Net: Name=NetC14_1
Added Pin To Net: NetName=NetLD1_1 Pin=LD1-1
Added Pin To Net: NetName=NetLD1_1 Pin=R12-1
Added Net: Name=NetLD1_1
Added Pin To Net: NetName=NetLD2_1 Pin=LD2-1
Added Pin To Net: NetName=NetLD2_1 Pin=R13-1
Added Net: Name=NetLD2_1
Added Pin To Net: NetName=NetR4_1 Pin=R4-1
Added Pin To Net: NetName=NetR4_1 Pin=U1-19
Added Net: Name=NetR4_1
Added Pin To Net: NetName=NetR5_1 Pin=R5-1
Added Pin To Net: NetName=NetR5_1 Pin=R8-1
Added Pin To Net: NetName=NetR5_1 Pin=U1-12
Added Pin To Net: NetName=NetR5_1 Pin=U1-13
Added Net: Name=NetR5_1
Added Pin To Net: NetName=NetR9_2 Pin=R9-2
Added Pin To Net: NetName=NetR9_2 Pin=U1-9
Added Net: Name=NetR9_2
Added Pin To Net: NetName=NetR10_2 Pin=R10-2
Added Pin To Net: NetName=NetR10_2 Pin=U1-6
Added Net: Name=NetR10_2
Added Pin To Net: NetName=NetR14_2 Pin=R14-2
Added Pin To Net: NetName=NetR14_2 Pin=U2-5
Added Net: Name=NetR14_2
Added Pin To Net: NetName=RESET Pin=R2-1
Added Pin To Net: NetName=RESET Pin=U1-16
Added Net: Name=RESET
Added Pin To Net: NetName=SLEEP Pin=R1-1
Added Pin To Net: NetName=SLEEP Pin=U1-17
Added Net: Name=SLEEP
Added Pin To Net: NetName=SPI_MISO Pin=U3-17
Added Net: Name=SPI_MISO
Added Pin To Net: NetName=SPI_MOSI Pin=U3-16
Added Net: Name=SPI_MOSI
Added Pin To Net: NetName=SPI_SCK Pin=U3-15
Added Net: Name=SPI_SCK
Added Pin To Net: NetName=STEP Pin=C7-2
Added Pin To Net: NetName=STEP Pin=U1-22
Added Net: Name=STEP
Added Pin To Net: NetName=UART_RX Pin=U3-3
Added Net: Name=UART_RX
Added Pin To Net: NetName=UART_TX Pin=U3-2
Added Net: Name=UART_TX
Added Class: Name=Magnetic-Encoder-V01
Added Rule: Name=Schematic Supply Nets
Added Rule: Name=Schematic Supply Nets_1
Added Rule: Name=Schematic Supply Nets_2
