Removed Pin From Net: NetName=+3.3 Pin=C15-1
Removed Pin From Net: NetName=GND Pin=C15-2
Removed Pin From Net: NetName=+3.3 Pin=C16-1
Removed Pin From Net: NetName=GND Pin=C16-2
Removed Pin From Net: NetName=GND Pin=J1-3
Removed Pin From Net: NetName=MCU_NRST Pin=J1-4
Removed Pin From Net: NetName=SLEEP Pin=R1-1
Removed Pin From Net: NetName=GND Pin=R1-2
Removed Pin From Net: NetName=RESET Pin=R2-1
Removed Pin From Net: NetName=ENABLE Pin=R3-1
Removed Pin From Net: NetName=GND Pin=R3-2
Removed Pin From Net: NetName=HOME Pin=U1-27
Removed Pin From Net: NetName=MCU_NRST Pin=U3-4
Removed Pin From Net: NetName=GND Pin=U3-7
Removed Pin From Net: NetName=+3.3 Pin=U3-8
Removed Pin From Net: NetName=I2C_SDA Pin=U3-11
Removed Pin From Net: NetName=I2C_SCL Pin=U3-12
Change Component Footprint: Designator=U3 Old Footprint=TSSOP20 New Footprint=LQFP-48
Change component parameters: Designator = "C15" ("C15"); Footprint = "Cap-0603"; UniqueID = "\DTNMNKWY" ("\DTNMNKWY")
Change component parameters (AddParameter): Name = "Part Number"; Value = "CC0603KRX7R9BB103"; VariantName = "[No Variations]"
Change component parameters (AddParameter): Name = "Process"; Value = "SMD"; VariantName = "[No Variations]"
Change component parameters (AddParameter): Name = "Tolerance"; Value = "%10"; VariantName = "[No Variations]"
Change component parameters (AddParameter): Name = "Value"; Value = "10nF"; VariantName = "[No Variations]"
Change component parameters (AddParameter): Name = "Voltage"; Value = "50V"; VariantName = "[No Variations]"
Change component parameters: Designator = "C16" ("C16"); Footprint = "Cap-0603"; UniqueID = "\VSOOXENU" ("\VSOOXENU")
Change component parameters (AddParameter): Name = "Part Number"; Value = "CL10B105KA8NNNC"; VariantName = "[No Variations]"
Change component parameters (AddParameter): Name = "Process"; Value = "SMD"; VariantName = "[No Variations]"
Change component parameters (AddParameter): Name = "Tolerance"; Value = "%10"; VariantName = "[No Variations]"
Change component parameters (AddParameter): Name = "Value"; Value = "1uF"; VariantName = "[No Variations]"
Change component parameters (AddParameter): Name = "Voltage"; Value = "25V"; VariantName = "[No Variations]"
Change component parameters: Designator = "J1" ("J1"); Footprint = "Header(M)_4PIN_2.54MM"; UniqueID = "\FWXSVCGI" ("\FWXSVCGI")
Change component parameters (AddParameter): Name = "Part Number"; Value = ""; VariantName = "[No Variations]"
Change component parameters (AddParameter): Name = "Process"; Value = "THT"; VariantName = "[No Variations]"
Change component parameters: Designator = "R1" ("R1"); Footprint = "RES-0603"; UniqueID = "\BAZASZEM" ("\BAZASZEM")
Change component parameters (AddParameter): Name = "Part Number"; Value = "CRT03J7-R0R0"; VariantName = "[No Variations]"
Change component parameters (AddParameter): Name = "Power"; Value = "1/10W"; VariantName = "[No Variations]"
Change component parameters (AddParameter): Name = "Process"; Value = "NM"; VariantName = "[No Variations]"
Change component parameters (AddParameter): Name = "Tolerance"; Value = "%5"; VariantName = "[No Variations]"
Change component parameters (AddParameter): Name = "Value"; Value = "0R"; VariantName = "[No Variations]"
Change component parameters: Designator = "R2" ("R2"); Footprint = "RES-0603"; UniqueID = "\HUCRPYYM" ("\HUCRPYYM")
Change component parameters (AddParameter): Name = "Part Number"; Value = "CRT03J7-R0R0"; VariantName = "[No Variations]"
Change component parameters (AddParameter): Name = "Power"; Value = "1/10W"; VariantName = "[No Variations]"
Change component parameters (AddParameter): Name = "Process"; Value = "NM"; VariantName = "[No Variations]"
Change component parameters (AddParameter): Name = "Tolerance"; Value = "%5"; VariantName = "[No Variations]"
Change component parameters (AddParameter): Name = "Value"; Value = "0R"; VariantName = "[No Variations]"
Change component parameters: Designator = "R3" ("R3"); Footprint = "RES-0603"; UniqueID = "\AHFMISIB" ("\AHFMISIB")
Change component parameters (AddParameter): Name = "Part Number"; Value = "CQ03SAJ0103T5E"; VariantName = "[No Variations]"
Change component parameters (AddParameter): Name = "Power"; Value = "1/10W"; VariantName = "[No Variations]"
Change component parameters (AddParameter): Name = "Process"; Value = "NM"; VariantName = "[No Variations]"
Change component parameters (AddParameter): Name = "Tolerance"; Value = "%5"; VariantName = "[No Variations]"
Change component parameters (AddParameter): Name = "Value"; Value = "10K"; VariantName = "[No Variations]"
Change component parameters: Designator = "R4" ("R4"); Footprint = "RES-0603"; UniqueID = "\LIUIAUFI" ("\LIUIAUFI")
Change component parameters (AddParameter): Name = "Part Number"; Value = "CQ03SAJ0103T5E"; VariantName = "[No Variations]"
Change component parameters (AddParameter): Name = "Power"; Value = "1/10W"; VariantName = "[No Variations]"
Change component parameters (AddParameter): Name = "Process"; Value = "SMD"; VariantName = "[No Variations]"
Change component parameters (AddParameter): Name = "Tolerance"; Value = "%5"; VariantName = "[No Variations]"
Change component parameters (AddParameter): Name = "Value"; Value = "10K"; VariantName = "[No Variations]"
Change component parameters: Designator = "U3" ("U3"); Footprint = "TSSOP20"; UniqueID = "\FGNJKQDO" ("\FGNJKQDO")
Change component parameters (AddParameter): Name = "Part Number"; Value = "STM32F030C8T6"; VariantName = "[No Variations]"
Change component parameters (AddParameter): Name = "Process"; Value = "SMD"; VariantName = "[No Variations]"
Change component parameters: Designator = "X1" ("X1"); Footprint = "HC-49SD"; UniqueID = "\BPFSEGWD" ("\BPFSEGWD")
Change component parameters (AddParameter): Name = "Capacitance"; Value = "20pF"; VariantName = "[No Variations]"
Change component parameters (AddParameter): Name = "Frequency"; Value = "8MHz"; VariantName = "[No Variations]"
Change component parameters (AddParameter): Name = "Part Number"; Value = "AS-8.000-20-SMD-TR"; VariantName = "[No Variations]"
Change component parameters (AddParameter): Name = "Process"; Value = "SMD"; VariantName = "[No Variations]"
Added Component: Designator=C19(Cap-0603)
Add component (AddParameter): Name = "Part Number"; Value = "MCF03KTB500104"; VariantName = "[No Variations]"
Add component (AddParameter): Name = "Process"; Value = "SMD"; VariantName = "[No Variations]"
Add component (AddParameter): Name = "Tolerance"; Value = "%10"; VariantName = "[No Variations]"
Add component (AddParameter): Name = "Value"; Value = "100nF"; VariantName = "[No Variations]"
Add component (AddParameter): Name = "Voltage"; Value = "50V"; VariantName = "[No Variations]"
Added Component: Designator=C20(Cap-0603)
Add component (AddParameter): Name = "Part Number"; Value = "MCF03KTB500104"; VariantName = "[No Variations]"
Add component (AddParameter): Name = "Process"; Value = "SMD"; VariantName = "[No Variations]"
Add component (AddParameter): Name = "Tolerance"; Value = "%10"; VariantName = "[No Variations]"
Add component (AddParameter): Name = "Value"; Value = "100nF"; VariantName = "[No Variations]"
Add component (AddParameter): Name = "Voltage"; Value = "50V"; VariantName = "[No Variations]"
Added Component: Designator=C21(Cap-0603)
Add component (AddParameter): Name = "Part Number"; Value = "MCF03KTB500104"; VariantName = "[No Variations]"
Add component (AddParameter): Name = "Process"; Value = "SMD"; VariantName = "[No Variations]"
Add component (AddParameter): Name = "Tolerance"; Value = "%10"; VariantName = "[No Variations]"
Add component (AddParameter): Name = "Value"; Value = "100nF"; VariantName = "[No Variations]"
Add component (AddParameter): Name = "Voltage"; Value = "50V"; VariantName = "[No Variations]"
Added Component: Designator=C22(Cap-0805)
Add component (AddParameter): Name = "Part Number"; Value = "CL21A475KAQNNNE"; VariantName = "[No Variations]"
Add component (AddParameter): Name = "Process"; Value = "SMD"; VariantName = "[No Variations]"
Add component (AddParameter): Name = "Tolerance"; Value = "%10"; VariantName = "[No Variations]"
Add component (AddParameter): Name = "Value"; Value = "4.7uF"; VariantName = "[No Variations]"
Add component (AddParameter): Name = "Voltage"; Value = "25V"; VariantName = "[No Variations]"
Added Component: Designator=J2(TMK2004)
Added Component: Designator=J3(TMK2004)
Added Pin To Net: NetName=GND Pin=C15-1
Added Pin To Net: NetName=+3.3 Pin=C15-2
Added Pin To Net: NetName=GND Pin=C16-1
Added Pin To Net: NetName=+3.3 Pin=C16-2
Added Pin To Net: NetName=GND Pin=C19-1
Added Pin To Net: NetName=+3.3 Pin=C19-2
Added Pin To Net: NetName=GND Pin=C20-1
Added Pin To Net: NetName=+3.3 Pin=C20-2
Added Pin To Net: NetName=GND Pin=C21-1
Added Pin To Net: NetName=+3.3 Pin=C21-2
Added Pin To Net: NetName=+3.3 Pin=C22-1
Added Pin To Net: NetName=GND Pin=C22-2
Added Pin To Net: NetName=GND Pin=J1-4
Added Pin To Net: NetName=+3.3 Pin=J2-1
Added Pin To Net: NetName=GND Pin=J2-4
Added Pin To Net: NetName=+3.3 Pin=J3-1
Added Pin To Net: NetName=I2C_SCL Pin=J3-2
Added Pin To Net: NetName=I2C_SDA Pin=J3-3
Added Pin To Net: NetName=GND Pin=J3-4
Added Pin To Net: NetName=+3.3 Pin=R1-1
Added Pin To Net: NetName=+3.3 Pin=R3-2
Added Pin To Net: NetName=GND Pin=R4-1
Added Pin To Net: NetName=+3.3 Pin=U3-1
Added Pin To Net: NetName=MCU_NRST Pin=U3-7
Added Pin To Net: NetName=GND Pin=U3-8
Added Pin To Net: NetName=MODE1 Pin=U3-13
Added Pin To Net: NetName=MODE2 Pin=U3-14
Added Pin To Net: NetName=MODE3 Pin=U3-15
Added Pin To Net: NetName=ENABLE Pin=U3-16
Added Pin To Net: NetName=RESET Pin=U3-17
Added Pin To Net: NetName=SLEEP Pin=U3-18
Added Pin To Net: NetName=FAULT Pin=U3-19
Added Pin To Net: NetName=HOME Pin=U3-20
Added Pin To Net: NetName=I2C_SCL Pin=U3-21
Added Pin To Net: NetName=I2C_SDA Pin=U3-22
Added Pin To Net: NetName=GND Pin=U3-23
Added Pin To Net: NetName=+3.3 Pin=U3-24
Added Pin To Net: NetName=AS5600_DIR Pin=U3-25
Added Pin To Net: NetName=AS5600_OUT Pin=U3-26
Added Pin To Net: NetName=LED2 Pin=U3-28
Added Pin To Net: NetName=STEP Pin=U3-42
Added Pin To Net: NetName=DIR Pin=U3-43
Added Pin To Net: NetName=GND Pin=U3-47
Added Pin To Net: NetName=+3.3 Pin=U3-48
Added Pin To Net: NetName=BOOT0 Pin=R3-1
Added Pin To Net: NetName=BOOT0 Pin=R4-2
Added Pin To Net: NetName=BOOT0 Pin=U3-44
Added Net: Name=BOOT0
Added Pin To Net: NetName=LED1 Pin=R13-2
Added Pin To Net: NetName=LED1 Pin=U3-27
Added Net: Name=LED1
Added Pin To Net: NetName=NetR1_2 Pin=R1-2
Added Pin To Net: NetName=NetR1_2 Pin=R2-1
Added Pin To Net: NetName=NetR1_2 Pin=U1-19
Added Net: Name=NetR1_2
Added Pin To Net: NetName=SWCLK Pin=J1-3
Added Pin To Net: NetName=SWCLK Pin=U3-37
Added Net: Name=SWCLK
Added Pin To Net: NetName=SWDIO Pin=J1-2
Added Pin To Net: NetName=SWDIO Pin=U3-34
Added Net: Name=SWDIO
Added Pin To Net: NetName=USART1_RX Pin=J2-3
Added Pin To Net: NetName=USART1_RX Pin=U3-31
Added Net: Name=USART1_RX
Added Pin To Net: NetName=USART1_TX Pin=J2-2
Added Pin To Net: NetName=USART1_TX Pin=U3-30
Added Net: Name=USART1_TX
Added Member To Class: ClassName=Magnetic-Encoder-V01 Member=Component C19 Capacitor
Added Member To Class: ClassName=Magnetic-Encoder-V01 Member=Component C20 Capacitor
Added Member To Class: ClassName=Magnetic-Encoder-V01 Member=Component C21 Capacitor
Added Member To Class: ClassName=Magnetic-Encoder-V01 Member=Component C22 Capacitor
Added Member To Class: ClassName=Magnetic-Encoder-V01 Member=Component J2 Connector
Added Member To Class: ClassName=Magnetic-Encoder-V01 Member=Component J3 Connector
